[0706/221256.805:ERROR:crash_report_database_win.cc(426)] unexpected header
[0710/220204.417:ERROR:crash_report_database_win.cc(426)] unexpected header
[0715/190614.342:ERROR:process_info.cc(631)] range at 0xc0a1510e00000000, size 0x1fc fully unreadable
[0715/190614.603:ERROR:process_info.cc(631)] range at 0xc0a1516e00000000, size 0x1fc fully unreadable
[0715/190614.603:ERROR:process_info.cc(631)] range at 0x0, size 0x1fc fully unreadable
[0715/190620.556:ERROR:process_info.cc(379)] UncheckedAllocate
[0715/190624.123:ERROR:process_reader_win.cc(242)] ReadMemory at 0x7ff8511897d4 of 512 bytes failed: Only part of a ReadProcessMemory or WriteProcessMemory request was completed. (0x12B)
[0715/190627.834:ERROR:crash_report_exception_handler.cc(116)] WriteEverything failed
[0715/190632.620:ERROR:process_info.cc(631)] range at 0x890510c00000000, size 0x185 fully unreadable
[0715/190632.620:ERROR:process_info.cc(631)] range at 0x890516c00000000, size 0x185 fully unreadable
[0715/190632.620:ERROR:process_info.cc(631)] range at 0x0, size 0x185 fully unreadable
[0715/190635.173:ERROR:process_info.cc(631)] range at 0x6eb8510e00000000, size 0x19e fully unreadable
[0715/190635.174:ERROR:process_info.cc(631)] range at 0x6eb8516e00000000, size 0x19e fully unreadable
[0715/190635.174:ERROR:process_info.cc(631)] range at 0x0, size 0x19e fully unreadable
[0715/190635.541:ERROR:process_info.cc(631)] range at 0x32a650e800000000, size 0x261 fully unreadable
[0715/190635.541:ERROR:process_info.cc(631)] range at 0x32a6514800000000, size 0x261 fully unreadable
[0715/190635.541:ERROR:process_info.cc(631)] range at 0x0, size 0x261 fully unreadable
[0715/233255.729:ERROR:process_info.cc(631)] range at 0x578949c400000000, size 0x1fc fully unreadable
[0715/233301.875:ERROR:process_info.cc(631)] range at 0x578949e400000000, size 0x1fc fully unreadable
[0715/233301.875:ERROR:process_info.cc(631)] range at 0x0, size 0x1fc fully unreadable
[0716/002112.031:ERROR:process_info.cc(631)] range at 0x742b4b0800000000, size 0x187 fully unreadable
[0716/002112.510:ERROR:process_info.cc(631)] range at 0x742b4b2800000000, size 0x187 fully unreadable
[0716/002112.510:ERROR:process_info.cc(631)] range at 0x0, size 0x187 fully unreadable
[0717/221140.888:ERROR:process_info.cc(631)] range at 0xa27849f400000000, size 0x1c1 fully unreadable
[0717/221141.149:ERROR:process_info.cc(631)] range at 0xa2784a1400000000, size 0x1c1 fully unreadable
[0717/221141.149:ERROR:process_info.cc(631)] range at 0x0, size 0x1c1 fully unreadable
